{
  "RSpec": {
    "coverage": {
      "/Users/bryanflanagan/turing_work/1mod/projects/night_writer/spec/converter_spec.rb": {
        "lines": [
          1,
          1,
          1,
          1,
          null,
          1,
          1,
          1,
          null,
          1,
          1,
          null,
          null,
          1,
          1,
          null,
          1,
          1,
          null,
          null,
          1,
          1,
          null,
          1,
          1,
          null,
          null,
          1,
          1,
          null,
          1,
          1,
          null,
          null,
          1,
          1,
          null,
          1,
          1,
          null,
          1,
          1,
          null,
          null,
          1,
          1,
          null,
          1,
          1,
          null,
          null,
          1,
          1,
          null,
          1,
          1,
          null,
          null,
          1,
          1,
          null,
          1,
          1,
          null,
          null
        ]
      },
      "/Users/bryanflanagan/turing_work/1mod/projects/night_writer/lib/braille_alphabet.rb": {
        "lines": [
          1,
          1,
          null,
          1,
          null,
          11,
          null,
          null,
          null,
          null,
          null,
          null,
          null,
          null,
          null,
          null,
          null,
          null,
          null,
          null,
          null,
          null,
          null,
          null,
          null,
          null,
          null,
          null,
          null,
          null,
          null,
          null,
          null,
          null,
          null,
          null,
          null,
          null,
          null,
          null,
          null,
          null
        ]
      },
      "/Users/bryanflanagan/turing_work/1mod/projects/night_writer/lib/converter.rb": {
        "lines": [
          1,
          1,
          null,
          null,
          1,
          9,
          9,
          null,
          null,
          1,
          35,
          null,
          null,
          1,
          4,
          34,
          null,
          4,
          4,
          12,
          102,
          null,
          12,
          null,
          4,
          null,
          null,
          1,
          1,
          1,
          null,
          null
        ]
      },
      "/Users/bryanflanagan/turing_work/1mod/projects/night_writer/spec/braille_alphabet_spec.rb": {
        "lines": [
          1,
          1,
          1,
          null,
          1,
          1,
          1,
          null,
          1,
          null,
          null,
          1,
          1,
          null,
          1,
          null,
          null,
          1,
          1,
          null,
          1,
          null,
          null,
          null,
          null
        ]
      }
    },
    "timestamp": 1664230427
  }
}
